Using pre-set license
Built from '2021.3/staging' branch; Version is '2021.3.10f1 (1c7d0df0160b) revision 1867021'; Using compiler version '192829333'; Build Type 'Release'
OS: 'Windows 10  (10.0.19045) 64bit Professional' Language: 'ru' Physical Memory: 8037 MB
BatchMode: 1, IsHumanControllingUs: 0, StartBugReporterOnCrash: 0, Is64bit: 1, IsPro: 1

COMMAND LINE ARGUMENTS:
C:\Program Files\Unity 2021.3.10f1\Editor\Unity.exe
-adb2
-batchMode
-noUpm
-name
AssetImportWorker4
-projectPath
D:/projects/berry_basket/Mein Menu
-logFile
Logs/AssetImportWorker4.log
-srvPort
61964
Successfully changed project path to: D:/projects/berry_basket/Mein Menu
D:/projects/berry_basket/Mein Menu
[UnityMemory] Configuration Parameters - Can be set up in boot.config
    "memorysetup-bucket-allocator-granularity=16"
    "memorysetup-bucket-allocator-bucket-count=8"
    "memorysetup-bucket-allocator-block-size=33554432"
    "memorysetup-bucket-allocator-block-count=8"
    "memorysetup-main-allocator-block-size=16777216"
    "memorysetup-thread-allocator-block-size=16777216"
    "memorysetup-gfx-main-allocator-block-size=16777216"
    "memorysetup-gfx-thread-allocator-block-size=16777216"
    "memorysetup-cache-allocator-block-size=4194304"
    "memorysetup-typetree-allocator-block-size=2097152"
    "memorysetup-profiler-bucket-allocator-granularity=16"
    "memorysetup-profiler-bucket-allocator-bucket-count=8"
    "memorysetup-profiler-bucket-allocator-block-size=33554432"
    "memorysetup-profiler-bucket-allocator-block-count=8"
    "memorysetup-profiler-allocator-block-size=16777216"
    "memorysetup-profiler-editor-allocator-block-size=1048576"
    "memorysetup-temp-allocator-size-main=16777216"
    "memorysetup-job-temp-allocator-block-size=2097152"
    "memorysetup-job-temp-allocator-block-size-background=1048576"
    "memorysetup-job-temp-allocator-reduction-small-platforms=262144"
    "memorysetup-temp-allocator-size-background-worker=32768"
    "memorysetup-temp-allocator-size-job-worker=262144"
    "memorysetup-temp-allocator-size-preload-manager=33554432"
    "memorysetup-temp-allocator-size-nav-mesh-worker=65536"
    "memorysetup-temp-allocator-size-audio-worker=65536"
    "memorysetup-temp-allocator-size-cloud-worker=32768"
    "memorysetup-temp-allocator-size-gi-baking-worker=262144"
    "memorysetup-temp-allocator-size-gfx=262144"
Refreshing native plugins compatible for Editor in 220.56 ms, found 3 plugins.
Preloading 0 native plugins for Editor in 0.00 ms.
Initialize engine version: 2021.3.10f1 (1c7d0df0160b)
[Subsystems] Discovering subsystems at path C:/Program Files/Unity 2021.3.10f1/Editor/Data/Resources/UnitySubsystems
[Subsystems] Discovering subsystems at path D:/projects/berry_basket/Mein Menu/Assets
GfxDevice: creating device client; threaded=0; jobified=0
Direct3D:
    Version:  Direct3D 11.0 [level 11.1]
    Renderer: NVIDIA GeForce GTX 1050 (ID=0x1c8d)
    Vendor:   NVIDIA
    VRAM:     4021 MB
    Driver:   24.21.13.9835
Initialize mono
Mono path[0] = 'C:/Program Files/Unity 2021.3.10f1/Editor/Data/Managed'
Mono path[1] = 'C:/Program Files/Unity 2021.3.10f1/Editor/Data/MonoBleedingEdge/lib/mono/unityjit-win32'
Mono config path = 'C:/Program Files/Unity 2021.3.10f1/Editor/Data/MonoBleedingEdge/etc'
Using monoOptions --debugger-agent=transport=dt_socket,embedding=1,server=y,suspend=n,address=127.0.0.1:56740
Begin MonoManager ReloadAssembly
Registering precompiled unity dll's ...
Register platform support module: C:/Program Files/Unity 2021.3.10f1/Editor/Data/PlaybackEngines/WindowsStandaloneSupport/UnityEditor.WindowsStandalone.Extensions.dll
Registered in 0.006564 seconds.
Native extension for WindowsStandalone target not found
Refreshing native plugins compatible for Editor in 107.59 ms, found 3 plugins.
Preloading 0 native plugins for Editor in 0.00 ms.
Mono: successfully reloaded assembly
- Completed reload, in  0.831 seconds
Domain Reload Profiling:
	ReloadAssembly (832ms)
		BeginReloadAssembly (103ms)
			ExecutionOrderSort (0ms)
			DisableScriptedObjects (0ms)
			BackupInstance (0ms)
			ReleaseScriptingObjects (0ms)
			CreateAndSetChildDomain (1ms)
		EndReloadAssembly (568ms)
			LoadAssemblies (101ms)
			RebuildTransferFunctionScriptingTraits (0ms)
			SetupTypeCache (133ms)
			ReleaseScriptCaches (0ms)
			RebuildScriptCaches (38ms)
			SetupLoadedEditorAssemblies (337ms)
				LogAssemblyErrors (0ms)
				InitializePlatformSupportModulesInManaged (8ms)
				SetLoadedEditorAssemblies (0ms)
				RefreshPlugins (108ms)
				BeforeProcessingInitializeOnLoad (2ms)
				ProcessInitializeOnLoadAttributes (168ms)
				ProcessInitializeOnLoadMethodAttributes (51ms)
				AfterProcessingInitializeOnLoad (0ms)
				EditorAssembliesLoaded (0ms)
			ExecutionOrderSort2 (0ms)
			AwakeInstancesAfterBackupRestoration (0ms)
Platform modules already initialized, skipping
Registering precompiled user dll's ...
Registered in 0.005391 seconds.
Begin MonoManager ReloadAssembly
Symbol file LoadedFromMemory doesn't match image D:\projects\berry_basket\Mein Menu\Library\PackageCache\com.unity.visualscripting@1.7.8\Editor\VisualScripting.Core\Dependencies\YamlDotNet\Unity.VisualScripting.YamlDotNet.dll
Symbol file LoadedFromMemory doesn't match image D:\projects\berry_basket\Mein Menu\Library\PackageCache\com.unity.visualscripting@1.7.8\Editor\VisualScripting.Core\Dependencies\DotNetZip\Unity.VisualScripting.IonicZip.dll
Native extension for WindowsStandalone target not found
Refreshing native plugins compatible for Editor in 0.66 ms, found 3 plugins.
Preloading 0 native plugins for Editor in 0.00 ms.
Mono: successfully reloaded assembly
- Completed reload, in  8.807 seconds
Domain Reload Profiling:
	ReloadAssembly (8808ms)
		BeginReloadAssembly (123ms)
			ExecutionOrderSort (0ms)
			DisableScriptedObjects (7ms)
			BackupInstance (0ms)
			ReleaseScriptingObjects (0ms)
			CreateAndSetChildDomain (24ms)
		EndReloadAssembly (8416ms)
			LoadAssemblies (2917ms)
			RebuildTransferFunctionScriptingTraits (0ms)
			SetupTypeCache (1388ms)
			ReleaseScriptCaches (1ms)
			RebuildScriptCaches (53ms)
			SetupLoadedEditorAssemblies (4016ms)
				LogAssemblyErrors (0ms)
				InitializePlatformSupportModulesInManaged (6ms)
				SetLoadedEditorAssemblies (0ms)
				RefreshPlugins (1ms)
				BeforeProcessingInitializeOnLoad (85ms)
				ProcessInitializeOnLoadAttributes (366ms)
				ProcessInitializeOnLoadMethodAttributes (3550ms)
				AfterProcessingInitializeOnLoad (8ms)
				EditorAssembliesLoaded (0ms)
			ExecutionOrderSort2 (0ms)
			AwakeInstancesAfterBackupRestoration (7ms)
Platform modules already initialized, skipping
========================================================================
Worker process is ready to serve import requests
Launched and connected shader compiler UnityShaderCompiler.exe after 0.13 seconds
Refreshing native plugins compatible for Editor in 1.00 ms, found 3 plugins.
Preloading 0 native plugins for Editor in 0.00 ms.
Unloading 3396 Unused Serialized files (Serialized files now loaded: 0)
Unloading 25 unused Assets / (56.1 KB). Loaded Objects now: 3856.
Memory consumption went from 118.7 MB to 118.6 MB.
Total: 5.093200 ms (FindLiveObjects: 0.318100 ms CreateObjectMapping: 0.238900 ms MarkObjects: 4.461000 ms  DeleteObjects: 0.074300 ms)

AssetImportParameters requested are different than current active one (requested -> active):
  custom:video-decoder-ogg-theora: a1e56fd34408186e4bbccfd4996cb3dc -> 
  custom:container-muxer-webm: aa71ff27fc2769a1b78a27578f13a17b -> 
  custom:container-demuxer-webm: 4f35f7cbe854078d1ac9338744f61a02 -> 
  custom:video-encoder-webm-vp8: eb34c28f22e8b96e1ab97ce403110664 -> 
  custom:audio-encoder-webm-vorbis: bf7c407c2cedff20999df2af8eb42d56 -> 
  custom:framework-win-MediaFoundation: 216162199b28c13a410421893ffa2e32 -> 
  custom:container-demuxer-ogg: 62fdf1f143b41e24485cea50d1cbac27 -> 
  custom:video-decoder-webm-vp8: 9c59270c3fd7afecdb556c50c9e8de78 -> 
  custom:audio-decoder-ogg-vorbis: bf7c407c2cedff20999df2af8eb42d56 -> 
========================================================================
Received Import Request.
  Time since last request: 743664.650340 seconds.
  path: Assets/scripts/loading.cs
  artifactKey: Guid(44d9aba59c8d9b448a3fd9a3bcfce256) Importer(815301076,1909f56bfc062723c751e8b465ee728b)
Start importing Assets/scripts/loading.cs using Guid(44d9aba59c8d9b448a3fd9a3bcfce256) Importer(815301076,1909f56bfc062723c751e8b465ee728b)  -> (artifact id: '00000000000000000000000000000000') in 0.044121 seconds  code(4) message(Build asset version error: assets/scripts/loading.cs in SourceAssetDB has modification time of '2023-03-09T02:55:36.941295Z' while content on disk has modification time of '2023-03-15T16:21:56.1521758Z')
  ERROR: Build asset version error: assets/scripts/loading.cs in SourceAssetDB has modification time of '2023-03-09T02:55:36.941295Z' while content on disk has modification time of '2023-03-15T16:21:56.1521758Z'
========================================================================
Received Prepare
Registering precompiled user dll's ...
Registered in 0.005058 seconds.
Begin MonoManager ReloadAssembly
Symbol file LoadedFromMemory doesn't match image D:\projects\berry_basket\Mein Menu\Library\PackageCache\com.unity.visualscripting@1.7.8\Editor\VisualScripting.Core\Dependencies\YamlDotNet\Unity.VisualScripting.YamlDotNet.dll
Symbol file LoadedFromMemory doesn't match image D:\projects\berry_basket\Mein Menu\Library\PackageCache\com.unity.visualscripting@1.7.8\Editor\VisualScripting.Core\Dependencies\DotNetZip\Unity.VisualScripting.IonicZip.dll
Native extension for WindowsStandalone target not found
Refreshing native plugins compatible for Editor in 0.62 ms, found 3 plugins.
Preloading 0 native plugins for Editor in 0.00 ms.
Mono: successfully reloaded assembly
- Completed reload, in  1.245 seconds
Domain Reload Profiling:
	ReloadAssembly (1245ms)
		BeginReloadAssembly (176ms)
			ExecutionOrderSort (0ms)
			DisableScriptedObjects (7ms)
			BackupInstance (0ms)
			ReleaseScriptingObjects (0ms)
			CreateAndSetChildDomain (50ms)
		EndReloadAssembly (917ms)
			LoadAssemblies (107ms)
			RebuildTransferFunctionScriptingTraits (0ms)
			SetupTypeCache (383ms)
			ReleaseScriptCaches (1ms)
			RebuildScriptCaches (49ms)
			SetupLoadedEditorAssemblies (339ms)
				LogAssemblyErrors (0ms)
				InitializePlatformSupportModulesInManaged (12ms)
				SetLoadedEditorAssemblies (0ms)
				RefreshPlugins (1ms)
				BeforeProcessingInitializeOnLoad (62ms)
				ProcessInitializeOnLoadAttributes (210ms)
				ProcessInitializeOnLoadMethodAttributes (35ms)
				AfterProcessingInitializeOnLoad (18ms)
				EditorAssembliesLoaded (2ms)
			ExecutionOrderSort2 (0ms)
			AwakeInstancesAfterBackupRestoration (15ms)
Platform modules already initialized, skipping
Refreshing native plugins compatible for Editor in 3.00 ms, found 3 plugins.
Preloading 0 native plugins for Editor in 0.00 ms.
Unloading 3376 Unused Serialized files (Serialized files now loaded: 0)
Unloading 18 unused Assets / (24.7 KB). Loaded Objects now: 3859.
Memory consumption went from 117.1 MB to 117.0 MB.
Total: 2.818600 ms (FindLiveObjects: 0.261000 ms CreateObjectMapping: 0.166400 ms MarkObjects: 2.362900 ms  DeleteObjects: 0.027000 ms)

AssetImportParameters requested are different than current active one (requested -> active):
  custom:video-decoder-ogg-theora: a1e56fd34408186e4bbccfd4996cb3dc -> 
  custom:container-muxer-webm: aa71ff27fc2769a1b78a27578f13a17b -> 
  custom:container-demuxer-webm: 4f35f7cbe854078d1ac9338744f61a02 -> 
  custom:video-encoder-webm-vp8: eb34c28f22e8b96e1ab97ce403110664 -> 
  custom:audio-encoder-webm-vorbis: bf7c407c2cedff20999df2af8eb42d56 -> 
  custom:framework-win-MediaFoundation: 216162199b28c13a410421893ffa2e32 -> 
  custom:container-demuxer-ogg: 62fdf1f143b41e24485cea50d1cbac27 -> 
  custom:video-decoder-webm-vp8: 9c59270c3fd7afecdb556c50c9e8de78 -> 
  custom:audio-decoder-ogg-vorbis: bf7c407c2cedff20999df2af8eb42d56 -> 
========================================================================
Received Prepare
Registering precompiled user dll's ...
Registered in 0.003887 seconds.
Begin MonoManager ReloadAssembly
Symbol file LoadedFromMemory doesn't match image D:\projects\berry_basket\Mein Menu\Library\PackageCache\com.unity.visualscripting@1.7.8\Editor\VisualScripting.Core\Dependencies\YamlDotNet\Unity.VisualScripting.YamlDotNet.dll
Symbol file LoadedFromMemory doesn't match image D:\projects\berry_basket\Mein Menu\Library\PackageCache\com.unity.visualscripting@1.7.8\Editor\VisualScripting.Core\Dependencies\DotNetZip\Unity.VisualScripting.IonicZip.dll
Native extension for WindowsStandalone target not found
Refreshing native plugins compatible for Editor in 0.54 ms, found 3 plugins.
Preloading 0 native plugins for Editor in 0.00 ms.
Mono: successfully reloaded assembly
- Completed reload, in  1.140 seconds
Domain Reload Profiling:
	ReloadAssembly (1140ms)
		BeginReloadAssembly (154ms)
			ExecutionOrderSort (0ms)
			DisableScriptedObjects (7ms)
			BackupInstance (0ms)
			ReleaseScriptingObjects (0ms)
			CreateAndSetChildDomain (42ms)
		EndReloadAssembly (856ms)
			LoadAssemblies (108ms)
			RebuildTransferFunctionScriptingTraits (0ms)
			SetupTypeCache (352ms)
			ReleaseScriptCaches (2ms)
			RebuildScriptCaches (47ms)
			SetupLoadedEditorAssemblies (318ms)
				LogAssemblyErrors (0ms)
				InitializePlatformSupportModulesInManaged (13ms)
				SetLoadedEditorAssemblies (0ms)
				RefreshPlugins (1ms)
				BeforeProcessingInitializeOnLoad (64ms)
				ProcessInitializeOnLoadAttributes (203ms)
				ProcessInitializeOnLoadMethodAttributes (30ms)
				AfterProcessingInitializeOnLoad (6ms)
				EditorAssembliesLoaded (0ms)
			ExecutionOrderSort2 (0ms)
			AwakeInstancesAfterBackupRestoration (6ms)
Platform modules already initialized, skipping
Refreshing native plugins compatible for Editor in 3.03 ms, found 3 plugins.
Preloading 0 native plugins for Editor in 0.00 ms.
Unloading 3376 Unused Serialized files (Serialized files now loaded: 0)
Unloading 18 unused Assets / (24.6 KB). Loaded Objects now: 3862.
Memory consumption went from 117.1 MB to 117.0 MB.
Total: 7.303400 ms (FindLiveObjects: 0.610900 ms CreateObjectMapping: 0.364200 ms MarkObjects: 6.121900 ms  DeleteObjects: 0.201800 ms)

AssetImportParameters requested are different than current active one (requested -> active):
  custom:video-decoder-ogg-theora: a1e56fd34408186e4bbccfd4996cb3dc -> 
  custom:container-muxer-webm: aa71ff27fc2769a1b78a27578f13a17b -> 
  custom:container-demuxer-webm: 4f35f7cbe854078d1ac9338744f61a02 -> 
  custom:video-encoder-webm-vp8: eb34c28f22e8b96e1ab97ce403110664 -> 
  custom:audio-encoder-webm-vorbis: bf7c407c2cedff20999df2af8eb42d56 -> 
  custom:framework-win-MediaFoundation: 216162199b28c13a410421893ffa2e32 -> 
  custom:container-demuxer-ogg: 62fdf1f143b41e24485cea50d1cbac27 -> 
  custom:video-decoder-webm-vp8: 9c59270c3fd7afecdb556c50c9e8de78 -> 
  custom:audio-decoder-ogg-vorbis: bf7c407c2cedff20999df2af8eb42d56 -> 
========================================================================
Received Import Request.
  Time since last request: 2415.426551 seconds.
  path: Assets/materiales
  artifactKey: Guid(426c980453b7db84aa703b88885ff5c1) Importer(815301076,1909f56bfc062723c751e8b465ee728b)
Start importing Assets/materiales using Guid(426c980453b7db84aa703b88885ff5c1) Importer(815301076,1909f56bfc062723c751e8b465ee728b)  -> (artifact id: 'fc5ba942de42ca9093db931a16c0f9e9') in 0.013266 seconds 
========================================================================
Received Import Request.
  Time since last request: 0.019385 seconds.
  path: Assets/materiales/fon_menu.png
  artifactKey: Guid(1e62b94ea9f3c514f95bf1b3e00cb886) Importer(815301076,1909f56bfc062723c751e8b465ee728b)
Start importing Assets/materiales/fon_menu.png using Guid(1e62b94ea9f3c514f95bf1b3e00cb886) Importer(815301076,1909f56bfc062723c751e8b465ee728b)  -> (artifact id: '3072ef632beb763f47dbb53853093d4d') in 0.374881 seconds 
========================================================================
Received Import Request.
  Time since last request: 14.027028 seconds.
  path: Assets/materiales/fon_menu.png
  artifactKey: Guid(1e62b94ea9f3c514f95bf1b3e00cb886) Importer(815301076,1909f56bfc062723c751e8b465ee728b)
Start importing Assets/materiales/fon_menu.png using Guid(1e62b94ea9f3c514f95bf1b3e00cb886) Importer(815301076,1909f56bfc062723c751e8b465ee728b)  -> (artifact id: '16fab84d9f0c137a08ecb515bc9caeb4') in 0.054136 seconds 
========================================================================
Received Import Request.
  Time since last request: 19.492268 seconds.
  path: Assets/materiales/fon_menu.png
  artifactKey: Guid(1e62b94ea9f3c514f95bf1b3e00cb886) Importer(815301076,1909f56bfc062723c751e8b465ee728b)
Start importing Assets/materiales/fon_menu.png using Guid(1e62b94ea9f3c514f95bf1b3e00cb886) Importer(815301076,1909f56bfc062723c751e8b465ee728b)  -> (artifact id: '38c556783c8edebc83517e2c3a710cdf') in 0.253970 seconds 
========================================================================
Received Import Request.
  Time since last request: 229.259653 seconds.
  path: Assets/materiales/developers_btn.png
  artifactKey: Guid(cc6452b0fe78d6f40ac4a28627447b51) Importer(815301076,1909f56bfc062723c751e8b465ee728b)
Start importing Assets/materiales/developers_btn.png using Guid(cc6452b0fe78d6f40ac4a28627447b51) Importer(815301076,1909f56bfc062723c751e8b465ee728b)  -> (artifact id: '5c2aa88c211eccc319e9716c4780a228') in 0.128399 seconds 
========================================================================
Received Import Request.
  Time since last request: 0.000029 seconds.
  path: Assets/materiales/settings_btn.png
  artifactKey: Guid(bdeb4b28804ea064283b946799846861) Importer(815301076,1909f56bfc062723c751e8b465ee728b)
Start importing Assets/materiales/settings_btn.png using Guid(bdeb4b28804ea064283b946799846861) Importer(815301076,1909f56bfc062723c751e8b465ee728b)  -> (artifact id: '47dbd7c13f72714b688a04fb369a8bd6') in 0.094222 seconds 
========================================================================
Received Import Request.
  Time since last request: 0.000044 seconds.
  path: Assets/materiales/loading_koncern.png
  artifactKey: Guid(3643e0974b35457408bc599850aa0bfd) Importer(815301076,1909f56bfc062723c751e8b465ee728b)
Start importing Assets/materiales/loading_koncern.png using Guid(3643e0974b35457408bc599850aa0bfd) Importer(815301076,1909f56bfc062723c751e8b465ee728b)  -> (artifact id: 'd7b76ad753280b94256a4ff3727c9ab4') in 0.046036 seconds 
========================================================================
Received Import Request.
  Time since last request: 0.000031 seconds.
  path: Assets/materiales/play_btn.png
  artifactKey: Guid(34563f3706d129240ad1aa2cf11e386e) Importer(815301076,1909f56bfc062723c751e8b465ee728b)
Start importing Assets/materiales/play_btn.png using Guid(34563f3706d129240ad1aa2cf11e386e) Importer(815301076,1909f56bfc062723c751e8b465ee728b)  -> (artifact id: '0e05789d387dd998562cfbdcf46edbe6') in 0.016077 seconds 
========================================================================
Received Import Request.
  Time since last request: 12.912851 seconds.
  path: Assets/materiales/developers_btn.png
  artifactKey: Guid(cc6452b0fe78d6f40ac4a28627447b51) Importer(815301076,1909f56bfc062723c751e8b465ee728b)
Start importing Assets/materiales/developers_btn.png using Guid(cc6452b0fe78d6f40ac4a28627447b51) Importer(815301076,1909f56bfc062723c751e8b465ee728b)  -> (artifact id: '7c5a46714bffa9ef4f978af43d9956d0') in 0.070982 seconds 
========================================================================
Received Import Request.
  Time since last request: 13.636401 seconds.
  path: Assets/materiales/loading_akademy.png
  artifactKey: Guid(fba6d1d702321a747a85577fa1623d78) Importer(815301076,1909f56bfc062723c751e8b465ee728b)
Start importing Assets/materiales/loading_akademy.png using Guid(fba6d1d702321a747a85577fa1623d78) Importer(815301076,1909f56bfc062723c751e8b465ee728b)  -> (artifact id: '486ea7a62cdb97d291c93615cf19ef82') in 0.041393 seconds 
========================================================================
Received Import Request.
  Time since last request: 7.923002 seconds.
  path: Assets/materiales/loading_koncern.png
  artifactKey: Guid(3643e0974b35457408bc599850aa0bfd) Importer(815301076,1909f56bfc062723c751e8b465ee728b)
Start importing Assets/materiales/loading_koncern.png using Guid(3643e0974b35457408bc599850aa0bfd) Importer(815301076,1909f56bfc062723c751e8b465ee728b)  -> (artifact id: '03a0687e8e69ffe0dd9272a1f77f6302') in 0.037538 seconds 
========================================================================
Received Import Request.
  Time since last request: 6.012637 seconds.
  path: Assets/materiales/play_btn.png
  artifactKey: Guid(34563f3706d129240ad1aa2cf11e386e) Importer(815301076,1909f56bfc062723c751e8b465ee728b)
Start importing Assets/materiales/play_btn.png using Guid(34563f3706d129240ad1aa2cf11e386e) Importer(815301076,1909f56bfc062723c751e8b465ee728b)  -> (artifact id: 'd08c79bc975c38956697bff122eeb3bd') in 0.013971 seconds 
========================================================================
Received Import Request.
  Time since last request: 6.752816 seconds.
  path: Assets/materiales/settings_btn.png
  artifactKey: Guid(bdeb4b28804ea064283b946799846861) Importer(815301076,1909f56bfc062723c751e8b465ee728b)
Start importing Assets/materiales/settings_btn.png using Guid(bdeb4b28804ea064283b946799846861) Importer(815301076,1909f56bfc062723c751e8b465ee728b)  -> (artifact id: 'c6f08914643d6ac27bce8a2ac62403a5') in 0.018193 seconds 
========================================================================
Received Import Request.
  Time since last request: 10.174428 seconds.
  path: Assets/materiales/play_btn.png
  artifactKey: Guid(34563f3706d129240ad1aa2cf11e386e) Importer(815301076,1909f56bfc062723c751e8b465ee728b)
Start importing Assets/materiales/play_btn.png using Guid(34563f3706d129240ad1aa2cf11e386e) Importer(815301076,1909f56bfc062723c751e8b465ee728b)  -> (artifact id: '86296b852a597833f8d4e523294475b3') in 0.047623 seconds 
